<?xml version="1.0" encoding="UTF-8"?>
<!-- Generated by org.testng.reporters.JUnitReportReporter -->
<testsuite hostname="DESKTOP-5DKC90P" failures="0" tests="1" name="ApiTesting.RestAssuredTest.RestAssuredAdvanceApiTest" time="4.037" errors="0" timestamp="2022-09-18T00:00:19 IST" skipped="0">
  <testcase classname="ApiTesting.RestAssuredTest.RestAssuredAdvanceApiTest" name="UserRegistrationSuccessful" time="4.037"/>
  <system-out/>
</testsuite> <!-- ApiTesting.RestAssuredTest.RestAssuredAdvanceApiTest -->
