<?xml version="1.0" encoding="UTF-8"?>
<!-- Generated by org.testng.reporters.JUnitReportReporter -->
<testsuite hostname="DESKTOP-5DKC90P" failures="0" tests="1" name="ApiTesting.RestAssuredTest.RestAssuredApiTest" time="5.585" errors="0" timestamp="2022-08-29T10:14:35 IST" skipped="0">
  <testcase classname="ApiTesting.RestAssuredTest.RestAssuredApiTest" name="queryParameter" time="5.585"/>
  <system-out/>
</testsuite> <!-- ApiTesting.RestAssuredTest.RestAssuredApiTest -->
