<?xml version="1.0" encoding="UTF-8"?>
<!-- Generated by org.testng.reporters.JUnitReportReporter -->
<testsuite hostname="DESKTOP-5DKC90P" failures="0" tests="1" name="allMethods.DeleteMethods" time="3.824" errors="0" timestamp="2022-09-18T01:14:44 IST" skipped="0">
  <testcase classname="allMethods.DeleteMethods" name="delete1" time="3.824"/>
  <system-out/>
</testsuite> <!-- allMethods.DeleteMethods -->
