<?xml version="1.0" encoding="UTF-8"?>
<!-- Generated by org.testng.reporters.JUnitReportReporter -->
<testsuite hostname="DESKTOP-5DKC90P" failures="0" tests="1" name="allMethods.GetMethods" time="3.669" errors="0" timestamp="2022-09-18T01:28:16 IST" skipped="0">
  <testcase classname="allMethods.GetMethods" name="get1" time="3.669"/>
  <system-out/>
</testsuite> <!-- allMethods.GetMethods -->
