<?xml version="1.0" encoding="UTF-8"?>
<!-- Generated by org.testng.reporters.JUnitReportReporter -->
<testsuite hostname="DESKTOP-5DKC90P" failures="0" tests="1" name="allMethods.PostMethods" time="4.876" errors="0" timestamp="2022-09-18T00:45:59 IST" skipped="0">
  <testcase classname="allMethods.PostMethods" name="PostMethodWithBody" time="4.876"/>
  <system-out/>
</testsuite> <!-- allMethods.PostMethods -->
