<?xml version="1.0" encoding="UTF-8"?>
<!-- Generated by org.testng.reporters.JUnitReportReporter -->
<testsuite hostname="DESKTOP-5DKC90P" failures="0" tests="1" name="allMethods.PutMethods" time="3.794" errors="0" timestamp="2022-09-18T01:07:21 IST" skipped="0">
  <testcase classname="allMethods.PutMethods" name="put1" time="3.794"/>
  <system-out/>
</testsuite> <!-- allMethods.PutMethods -->
