<?xml version="1.0" encoding="UTF-8"?>
<!-- Generated by org.testng.reporters.JUnitReportReporter -->
<testsuite hostname="DESKTOP-5DKC90P" failures="0" tests="1" name="allMethods.PatchMethods" time="3.945" errors="0" timestamp="2022-09-18T01:06:59 IST" skipped="0">
  <testcase classname="allMethods.PatchMethods" name="put1" time="3.945"/>
  <system-out/>
</testsuite> <!-- allMethods.PatchMethods -->
