<?xml version="1.0" encoding="UTF-8"?>
<!-- Generated by org.testng.reporters.JUnitReportReporter -->
<testsuite hostname="DESKTOP-5DKC90P" failures="0" tests="1" name="allMethods.PostMethod" time="4.809" errors="0" timestamp="2022-09-18T00:26:24 IST" skipped="0">
  <testcase classname="allMethods.PostMethod" name="PostMethodWithBody" time="4.809"/>
  <system-out/>
</testsuite> <!-- allMethods.PostMethod -->
