<?xml version="1.0" encoding="UTF-8"?>
<!-- Generated by org.testng.reporters.JUnitReportReporter -->
<testsuite hostname="DESKTOP-5DKC90P" failures="0" tests="4" name="ApiTesting.RestAssuredTest.RestAssuredApiTest" time="7.080" errors="0" timestamp="2022-08-28T20:49:49 IST" skipped="0">
  <testcase classname="ApiTesting.RestAssuredTest.RestAssuredApiTest" name="ValidateBookHeaders" time="1.016"/>
  <system-out/>
  <testcase classname="ApiTesting.RestAssuredTest.RestAssuredApiTest" name="IteratingHeaders" time="0.929"/>
  <system-out/>
  <testcase classname="ApiTesting.RestAssuredTest.RestAssuredApiTest" name="getBookDetails" time="1.232"/>
  <system-out/>
  <testcase classname="ApiTesting.RestAssuredTest.RestAssuredApiTest" name="GetBookHeaders" time="3.903"/>
  <system-out/>
</testsuite> <!-- ApiTesting.RestAssuredTest.RestAssuredApiTest -->
